# JRE version: OpenJDK Runtime Environment (11.0.2+9) (build 11.0.2+9)
# Java VM: OpenJDK 64-Bit Server VM (11.0.2+9, mixed mode, tiered, compressed oops, g1 gc, windows-amd64)
Heap:
 garbage-first heap   total 327680K, used 100408K [0x0000000740000000, 0x0000000800000000)
  region size 1024K, 5 young (5120K), 1 survivors (1024K)
 Metaspace       used 98077K, capacity 99556K, committed 101704K, reserved 1136640K
  class space    used 12678K, capacity 13276K, committed 14080K, reserved 1048576K
GC Heap History (10 events):
Event: 20830.512 GC heap before
{Heap before GC invocations=5122 (full 2907):
 garbage-first heap   total 327680K, used 100506K [0x0000000740000000, 0x0000000800000000)
  region size 1024K, 6 young (6144K), 1 survivors (1024K)
 Metaspace       used 98032K, capacity 99556K, committed 101704K, reserved 1136640K
  class space    used 12678K, capacity 13276K, committed 14080K, reserved 1048576K
}
Event: 20830.555 GC heap after
{Heap after GC invocations=5123 (full 2908):
 garbage-first heap   total 327680K, used 96280K [0x0000000740000000, 0x0000000800000000)
  region size 1024K, 0 young (0K), 0 survivors (0K)
 Metaspace       used 98032K, capacity 99556K, committed 101704K, reserved 1136640K
  class space    used 12678K, capacity 13276K, committed 14080K, reserved 1048576K
}
Event: 20831.035 GC heap before
{Heap before GC invocations=5123 (full 2908):
 garbage-first heap   total 327680K, used 101400K [0x0000000740000000, 0x0000000800000000)
  region size 1024K, 6 young (6144K), 0 survivors (0K)
 Metaspace       used 98032K, capacity 99556K, committed 101704K, reserved 1136640K
  class space    used 12678K, capacity 13276K, committed 14080K, reserved 1048576K
}
Event: 20831.079 GC heap after
{Heap after GC invocations=5124 (full 2909):
 garbage-first heap   total 327680K, used 96316K [0x0000000740000000, 0x0000000800000000)
  region size 1024K, 0 young (0K), 0 survivors (0K)
 Metaspace       used 98032K, capacity 99556K, committed 101704K, reserved 1136640K
  class space    used 12678K, capacity 13276K, committed 14080K, reserved 1048576K
}
Event: 20839.683 GC heap before
{Heap before GC invocations=5124 (full 2909):
 garbage-first heap   total 327680K, used 157756K [0x0000000740000000, 0x0000000800000000)
  region size 1024K, 60 young (61440K), 0 survivors (0K)
 Metaspace       used 98062K, capacity 99556K, committed 101704K, reserved 1136640K
  class space    used 12678K, capacity 13276K, committed 14080K, reserved 1048576K
}
Event: 20839.685 GC heap after
{Heap after GC invocations=5125 (full 2909):
 garbage-first heap   total 327680K, used 96935K [0x0000000740000000, 0x0000000800000000)
  region size 1024K, 1 young (1024K), 1 survivors (1024K)
 Metaspace       used 98062K, capacity 99556K, committed 101704K, reserved 1136640K
  class space    used 12678K, capacity 13276K, committed 14080K, reserved 1048576K
}
Event: 20841.708 GC heap before
{Heap before GC invocations=5126 (full 2909):
 garbage-first heap   total 327680K, used 157351K [0x0000000740000000, 0x0000000800000000)
  region size 1024K, 60 young (61440K), 1 survivors (1024K)
 Metaspace       used 98076K, capacity 99556K, committed 101704K, reserved 1136640K
  class space    used 12678K, capacity 13276K, committed 14080K, reserved 1048576K
}
Event: 20841.710 GC heap after
{Heap after GC invocations=5127 (full 2909):
 garbage-first heap   total 327680K, used 97557K [0x0000000740000000, 0x0000000800000000)
  region size 1024K, 2 young (2048K), 2 survivors (2048K)
 Metaspace       used 98076K, capacity 99556K, committed 101704K, reserved 1136640K
  class space    used 12678K, capacity 13276K, committed 14080K, reserved 1048576K
}
Event: 20844.735 GC heap before
{Heap before GC invocations=5127 (full 2909):
 garbage-first heap   total 327680K, used 156949K [0x0000000740000000, 0x0000000800000000)
  region size 1024K, 60 young (61440K), 2 survivors (2048K)
 Metaspace       used 98077K, capacity 99556K, committed 101704K, reserved 1136640K
  class space    used 12678K, capacity 13276K, committed 14080K, reserved 1048576K
}
Event: 20844.737 GC heap after
{Heap after GC invocations=5128 (full 2909):
 garbage-first heap   total 327680K, used 97336K [0x0000000740000000, 0x0000000800000000)
  region size 1024K, 1 young (1024K), 1 survivors (1024K)
 Metaspace       used 98077K, capacity 99556K, committed 101704K, reserved 1136640K
  class space    used 12678K, capacity 13276K, committed 14080K, reserved 1048576K
}

