# JRE version: OpenJDK Runtime Environment (11.0.2+9) (build 11.0.2+9)
# Java VM: OpenJDK 64-Bit Server VM (11.0.2+9, mixed mode, tiered, compressed oops, g1 gc, windows-amd64)
Heap:
 garbage-first heap   total 324608K, used 127963K [0x0000000740000000, 0x0000000800000000)
  region size 1024K, 34 young (34816K), 1 survivors (1024K)
 Metaspace       used 97283K, capacity 100110K, committed 100348K, reserved 1134592K
  class space    used 13160K, capacity 14405K, committed 14464K, reserved 1048576K
GC Heap History (10 events):
Event: 2936.938 GC heap before
{Heap before GC invocations=1683 (full 1260):
 garbage-first heap   total 324608K, used 99677K [0x0000000740000000, 0x0000000800000000)
  region size 1024K, 6 young (6144K), 0 survivors (0K)
 Metaspace       used 97275K, capacity 100110K, committed 100348K, reserved 1134592K
  class space    used 13160K, capacity 14405K, committed 14464K, reserved 1048576K
}
Event: 2936.982 GC heap after
{Heap after GC invocations=1684 (full 1261):
 garbage-first heap   total 324608K, used 94536K [0x0000000740000000, 0x0000000800000000)
  region size 1024K, 0 young (0K), 0 survivors (0K)
 Metaspace       used 97275K, capacity 100110K, committed 100348K, reserved 1134592K
  class space    used 13160K, capacity 14405K, committed 14464K, reserved 1048576K
}
Event: 2937.063 GC heap before
{Heap before GC invocations=1684 (full 1261):
 garbage-first heap   total 324608K, used 99656K [0x0000000740000000, 0x0000000800000000)
  region size 1024K, 6 young (6144K), 0 survivors (0K)
 Metaspace       used 97275K, capacity 100110K, committed 100348K, reserved 1134592K
  class space    used 13160K, capacity 14405K, committed 14464K, reserved 1048576K
}
Event: 2937.108 GC heap after
{Heap after GC invocations=1685 (full 1262):
 garbage-first heap   total 324608K, used 94542K [0x0000000740000000, 0x0000000800000000)
  region size 1024K, 0 young (0K), 0 survivors (0K)
 Metaspace       used 97275K, capacity 100110K, committed 100348K, reserved 1134592K
  class space    used 13160K, capacity 14405K, committed 14464K, reserved 1048576K
}
Event: 2937.667 GC heap before
{Heap before GC invocations=1685 (full 1262):
 garbage-first heap   total 324608K, used 99662K [0x0000000740000000, 0x0000000800000000)
  region size 1024K, 6 young (6144K), 0 survivors (0K)
 Metaspace       used 97275K, capacity 100110K, committed 100348K, reserved 1134592K
  class space    used 13160K, capacity 14405K, committed 14464K, reserved 1048576K
}
Event: 2937.709 GC heap after
{Heap after GC invocations=1686 (full 1263):
 garbage-first heap   total 324608K, used 94549K [0x0000000740000000, 0x0000000800000000)
  region size 1024K, 0 young (0K), 0 survivors (0K)
 Metaspace       used 97275K, capacity 100110K, committed 100348K, reserved 1134592K
  class space    used 13160K, capacity 14405K, committed 14464K, reserved 1048576K
}
Event: 2937.743 GC heap before
{Heap before GC invocations=1686 (full 1263):
 garbage-first heap   total 324608K, used 99669K [0x0000000740000000, 0x0000000800000000)
  region size 1024K, 6 young (6144K), 0 survivors (0K)
 Metaspace       used 97275K, capacity 100110K, committed 100348K, reserved 1134592K
  class space    used 13160K, capacity 14405K, committed 14464K, reserved 1048576K
}
Event: 2937.786 GC heap after
{Heap after GC invocations=1687 (full 1264):
 garbage-first heap   total 324608K, used 94532K [0x0000000740000000, 0x0000000800000000)
  region size 1024K, 0 young (0K), 0 survivors (0K)
 Metaspace       used 97275K, capacity 100110K, committed 100348K, reserved 1134592K
  class space    used 13160K, capacity 14405K, committed 14464K, reserved 1048576K
}
Event: 2939.472 GC heap before
{Heap before GC invocations=1687 (full 1264):
 garbage-first heap   total 324608K, used 155972K [0x0000000740000000, 0x0000000800000000)
  region size 1024K, 60 young (61440K), 0 survivors (0K)
 Metaspace       used 97283K, capacity 100110K, committed 100348K, reserved 1134592K
  class space    used 13160K, capacity 14405K, committed 14464K, reserved 1048576K
}
Event: 2939.474 GC heap after
{Heap after GC invocations=1688 (full 1264):
 garbage-first heap   total 324608K, used 95195K [0x0000000740000000, 0x0000000800000000)
  region size 1024K, 1 young (1024K), 1 survivors (1024K)
 Metaspace       used 97283K, capacity 100110K, committed 100348K, reserved 1134592K
  class space    used 13160K, capacity 14405K, committed 14464K, reserved 1048576K
}

